2025-06-21 10:04:47,277 INFO: Aksjeradar startup [in /workspaces/aksjeradarv2/app/__init__.py:37]
2025-06-21 10:04:48,805 INFO: Stripe initialized in development mode (no API calls) [in /workspaces/aksjeradarv2/app/routes/main.py:45]
2025-06-21 10:04:48,827 INFO: Stripe initialized in development mode (no API calls) [in /workspaces/aksjeradarv2/app/routes/stripe_routes.py:25]
2025-06-21 10:04:49,253 INFO: Aksjeradar startup [in /workspaces/aksjeradarv2/app/__init__.py:37]
2025-06-21 10:04:50,744 INFO: Stripe initialized in development mode (no API calls) [in /workspaces/aksjeradarv2/app/routes/main.py:45]
2025-06-21 10:04:50,774 INFO: Stripe initialized in development mode (no API calls) [in /workspaces/aksjeradarv2/app/routes/stripe_routes.py:25]
2025-06-21 10:05:07,701 ERROR: Error in index route: Could not build url for endpoint 'stocks.compare'. Did you mean 'stocks.search' instead? [in /workspaces/aksjeradarv2/app/routes/main.py:68]
2025-06-21 10:05:07,718 ERROR: Error reading version: [Errno 2] No such file or directory: 'static/version.txt' [in /workspaces/aksjeradarv2/app/routes/main.py:308]
2025-06-21 10:05:09,725 ERROR: Error in Oslo Børs list: expected token 'end of statement block', got 'if' [in /workspaces/aksjeradarv2/app/routes/stocks.py:93]
2025-06-21 10:05:11,629 ERROR: Error in global stocks list: expected token 'end of statement block', got 'if' [in /workspaces/aksjeradarv2/app/routes/stocks.py:110]
2025-06-21 10:05:11,806 ERROR: Error in crypto list: Could not build url for endpoint 'stocks.compare'. Did you mean 'stocks.search' instead? [in /workspaces/aksjeradarv2/app/routes/stocks.py:127]
2025-06-21 10:05:11,829 ERROR: Error in currency list: Could not build url for endpoint 'stocks.compare'. Did you mean 'stocks.search' instead? [in /workspaces/aksjeradarv2/app/routes/stocks.py:144]
2025-06-21 10:06:17,414 INFO: Aksjeradar startup [in /workspaces/aksjeradarv2/app/__init__.py:37]
2025-06-21 10:06:17,926 INFO: Aksjeradar startup [in /workspaces/aksjeradarv2/app/__init__.py:37]
2025-06-21 10:06:19,265 INFO: Stripe initialized in development mode (no API calls) [in /workspaces/aksjeradarv2/app/routes/main.py:45]
2025-06-21 10:06:19,298 INFO: Stripe initialized in development mode (no API calls) [in /workspaces/aksjeradarv2/app/routes/stripe_routes.py:25]
2025-06-21 10:06:19,561 INFO: Stripe initialized in development mode (no API calls) [in /workspaces/aksjeradarv2/app/routes/main.py:45]
2025-06-21 10:06:19,585 INFO: Stripe initialized in development mode (no API calls) [in /workspaces/aksjeradarv2/app/routes/stripe_routes.py:25]
2025-06-21 10:15:58,357 INFO: Aksjeradar startup [in /workspaces/aksjeradarv2/app/__init__.py:37]
2025-06-21 10:15:58,796 INFO: Aksjeradar startup [in /workspaces/aksjeradarv2/app/__init__.py:37]
2025-06-21 10:15:59,963 INFO: Stripe initialized in development mode (no API calls) [in /workspaces/aksjeradarv2/app/routes/main.py:45]
2025-06-21 10:15:59,986 INFO: Stripe initialized in development mode (no API calls) [in /workspaces/aksjeradarv2/app/routes/stripe_routes.py:25]
2025-06-21 10:16:00,331 INFO: Stripe initialized in development mode (no API calls) [in /workspaces/aksjeradarv2/app/routes/main.py:45]
2025-06-21 10:16:00,354 INFO: Stripe initialized in development mode (no API calls) [in /workspaces/aksjeradarv2/app/routes/stripe_routes.py:25]
2025-06-21 10:16:07,953 INFO: Aksjeradar startup [in /workspaces/aksjeradarv2/app/__init__.py:37]
2025-06-21 10:16:08,359 INFO: Aksjeradar startup [in /workspaces/aksjeradarv2/app/__init__.py:37]
2025-06-21 10:16:09,623 INFO: Stripe initialized in development mode (no API calls) [in /workspaces/aksjeradarv2/app/routes/main.py:45]
2025-06-21 10:16:09,657 INFO: Stripe initialized in development mode (no API calls) [in /workspaces/aksjeradarv2/app/routes/stripe_routes.py:25]
2025-06-21 10:16:09,958 INFO: Stripe initialized in development mode (no API calls) [in /workspaces/aksjeradarv2/app/routes/main.py:45]
2025-06-21 10:16:09,981 INFO: Stripe initialized in development mode (no API calls) [in /workspaces/aksjeradarv2/app/routes/stripe_routes.py:25]
2025-06-21 10:17:21,481 INFO: Aksjeradar startup [in /workspaces/aksjeradarv2/app/__init__.py:37]
2025-06-21 10:17:21,993 INFO: Aksjeradar startup [in /workspaces/aksjeradarv2/app/__init__.py:37]
2025-06-21 10:17:23,314 INFO: Stripe initialized in development mode (no API calls) [in /workspaces/aksjeradarv2/app/routes/main.py:45]
2025-06-21 10:17:23,337 INFO: Stripe initialized in development mode (no API calls) [in /workspaces/aksjeradarv2/app/routes/stripe_routes.py:25]
2025-06-21 10:17:23,792 INFO: Stripe initialized in development mode (no API calls) [in /workspaces/aksjeradarv2/app/routes/main.py:45]
2025-06-21 10:17:23,814 INFO: Stripe initialized in development mode (no API calls) [in /workspaces/aksjeradarv2/app/routes/stripe_routes.py:25]
2025-06-21 10:17:38,854 INFO: Aksjeradar startup [in /workspaces/aksjeradarv2/app/__init__.py:37]
2025-06-21 10:17:39,540 INFO: Aksjeradar startup [in /workspaces/aksjeradarv2/app/__init__.py:37]
2025-06-21 10:17:40,704 INFO: Aksjeradar startup [in /workspaces/aksjeradarv2/app/__init__.py:37]
2025-06-21 10:17:41,107 INFO: Stripe initialized in development mode (no API calls) [in /workspaces/aksjeradarv2/app/routes/main.py:45]
2025-06-21 10:17:41,145 INFO: Stripe initialized in development mode (no API calls) [in /workspaces/aksjeradarv2/app/routes/stripe_routes.py:25]
2025-06-21 10:17:41,574 INFO: Stripe initialized in development mode (no API calls) [in /workspaces/aksjeradarv2/app/routes/main.py:45]
2025-06-21 10:17:41,598 INFO: Stripe initialized in development mode (no API calls) [in /workspaces/aksjeradarv2/app/routes/stripe_routes.py:25]
2025-06-21 10:17:42,403 INFO: Stripe initialized in development mode (no API calls) [in /workspaces/aksjeradarv2/app/routes/main.py:45]
2025-06-21 10:17:42,425 INFO: Stripe initialized in development mode (no API calls) [in /workspaces/aksjeradarv2/app/routes/stripe_routes.py:25]
2025-06-21 10:17:59,594 ERROR: Error reading version: [Errno 2] No such file or directory: 'static/version.txt' [in /workspaces/aksjeradarv2/app/routes/main.py:308]
2025-06-21 10:18:01,757 ERROR: Error in Oslo Børs list: Encountered unknown tag 'endfor'. You probably made a nesting mistake. Jinja is expecting this tag, but currently looking for 'endif'. The innermost block that needs to be closed is 'if'. [in /workspaces/aksjeradarv2/app/routes/stocks.py:93]
2025-06-21 10:18:03,864 ERROR: Error in global stocks list: Encountered unknown tag 'endfor'. You probably made a nesting mistake. Jinja is expecting this tag, but currently looking for 'endif'. The innermost block that needs to be closed is 'if'. [in /workspaces/aksjeradarv2/app/routes/stocks.py:110]
2025-06-21 10:18:04,058 ERROR: Error in currency list: 'currencies' is undefined [in /workspaces/aksjeradarv2/app/routes/stocks.py:144]
2025-06-21 10:18:49,962 INFO: Aksjeradar startup [in /workspaces/aksjeradarv2/app/__init__.py:37]
2025-06-21 10:18:51,446 INFO: Stripe initialized in development mode (no API calls) [in /workspaces/aksjeradarv2/app/routes/main.py:45]
2025-06-21 10:18:51,470 INFO: Stripe initialized in development mode (no API calls) [in /workspaces/aksjeradarv2/app/routes/stripe_routes.py:25]
2025-06-21 10:19:02,130 ERROR: Error reading version: [Errno 2] No such file or directory: 'static/version.txt' [in /workspaces/aksjeradarv2/app/routes/main.py:308]
2025-06-21 10:19:02,145 ERROR: Error in Oslo Børs list: Encountered unknown tag 'endfor'. You probably made a nesting mistake. Jinja is expecting this tag, but currently looking for 'endif'. The innermost block that needs to be closed is 'if'. [in /workspaces/aksjeradarv2/app/routes/stocks.py:93]
2025-06-21 10:19:02,178 ERROR: Error in global stocks list: Encountered unknown tag 'endfor'. You probably made a nesting mistake. Jinja is expecting this tag, but currently looking for 'endif'. The innermost block that needs to be closed is 'if'. [in /workspaces/aksjeradarv2/app/routes/stocks.py:110]
2025-06-21 10:19:02,202 ERROR: Error in currency list: 'currencies' is undefined [in /workspaces/aksjeradarv2/app/routes/stocks.py:144]
